# JRE version: OpenJDK Runtime Environment (11.0.12+7) (build 11.0.12+7-b1504.28-7817840)
# Java VM: OpenJDK 64-Bit Server VM (11.0.12+7-b1504.28-7817840, mixed mode, tiered, compressed oops, g1 gc, windows-amd64)
Heap:
 garbage-first heap   total 260096K, used 167930K [0x0000000080000000, 0x0000000100000000)
  region size 1024K, 49 young (50176K), 6 survivors (6144K)
 Metaspace       used 116263K, capacity 119799K, committed 120892K, reserved 1153024K
  class space    used 14774K, capacity 16101K, committed 16612K, reserved 1048576K
GC Heap History (20 events):
Event: 138.446 GC heap before
{Heap before GC invocations=16 (full 0):
 garbage-first heap   total 260096K, used 215798K [0x0000000080000000, 0x0000000100000000)
  region size 1024K, 107 young (109568K), 12 survivors (12288K)
 Metaspace       used 113116K, capacity 116894K, committed 117180K, reserved 1150976K
  class space    used 14932K, capacity 16409K, committed 16484K, reserved 1048576K
}
Event: 138.454 GC heap after
{Heap after GC invocations=17 (full 0):
 garbage-first heap   total 260096K, used 104070K [0x0000000080000000, 0x0000000100000000)
  region size 1024K, 6 young (6144K), 6 survivors (6144K)
 Metaspace       used 113116K, capacity 116894K, committed 117180K, reserved 1150976K
  class space    used 14932K, capacity 16409K, committed 16484K, reserved 1048576K
}
Event: 832.618 GC heap before
{Heap before GC invocations=17 (full 0):
 garbage-first heap   total 260096K, used 206470K [0x0000000080000000, 0x0000000100000000)
  region size 1024K, 105 young (107520K), 6 survivors (6144K)
 Metaspace       used 114016K, capacity 117886K, committed 117948K, reserved 1150976K
  class space    used 14951K, capacity 16437K, committed 16484K, reserved 1048576K
}
Event: 832.636 GC heap after
{Heap after GC invocations=18 (full 0):
 garbage-first heap   total 260096K, used 120276K [0x0000000080000000, 0x0000000100000000)
  region size 1024K, 14 young (14336K), 14 survivors (14336K)
 Metaspace       used 114016K, capacity 117886K, committed 117948K, reserved 1150976K
  class space    used 14951K, capacity 16437K, committed 16484K, reserved 1048576K
}
Event: 833.342 GC heap before
{Heap before GC invocations=18 (full 0):
 garbage-first heap   total 260096K, used 207316K [0x0000000080000000, 0x0000000100000000)
  region size 1024K, 90 young (92160K), 14 survivors (14336K)
 Metaspace       used 114751K, capacity 118710K, committed 118716K, reserved 1150976K
  class space    used 14985K, capacity 16484K, committed 16484K, reserved 1048576K
}
Event: 833.359 GC heap after
{Heap after GC invocations=19 (full 0):
 garbage-first heap   total 260096K, used 128715K [0x0000000080000000, 0x0000000100000000)
  region size 1024K, 3 young (3072K), 3 survivors (3072K)
 Metaspace       used 114751K, capacity 118710K, committed 118716K, reserved 1150976K
  class space    used 14985K, capacity 16484K, committed 16484K, reserved 1048576K
}
Event: 1898.161 GC heap before
{Heap before GC invocations=20 (full 0):
 garbage-first heap   total 260096K, used 209611K [0x0000000080000000, 0x0000000100000000)
  region size 1024K, 80 young (81920K), 3 survivors (3072K)
 Metaspace       used 114362K, capacity 117774K, committed 118972K, reserved 1153024K
  class space    used 14716K, capacity 16004K, committed 16484K, reserved 1048576K
}
Event: 1898.171 GC heap after
{Heap after GC invocations=21 (full 0):
 garbage-first heap   total 260096K, used 126177K [0x0000000080000000, 0x0000000100000000)
  region size 1024K, 10 young (10240K), 10 survivors (10240K)
 Metaspace       used 114362K, capacity 117774K, committed 118972K, reserved 1153024K
  class space    used 14716K, capacity 16004K, committed 16484K, reserved 1048576K
}
Event: 1898.278 GC heap before
{Heap before GC invocations=21 (full 0):
 garbage-first heap   total 260096K, used 127201K [0x0000000080000000, 0x0000000100000000)
  region size 1024K, 12 young (12288K), 10 survivors (10240K)
 Metaspace       used 114368K, capacity 117775K, committed 118972K, reserved 1153024K
  class space    used 14716K, capacity 16004K, committed 16484K, reserved 1048576K
}
Event: 1898.290 GC heap after
{Heap after GC invocations=22 (full 0):
 garbage-first heap   total 260096K, used 110715K [0x0000000080000000, 0x0000000100000000)
  region size 1024K, 1 young (1024K), 1 survivors (1024K)
 Metaspace       used 114368K, capacity 117775K, committed 118972K, reserved 1153024K
  class space    used 14716K, capacity 16004K, committed 16484K, reserved 1048576K
}
Event: 1898.956 GC heap before
{Heap before GC invocations=22 (full 0):
 garbage-first heap   total 260096K, used 166011K [0x0000000080000000, 0x0000000100000000)
  region size 1024K, 51 young (52224K), 1 survivors (1024K)
 Metaspace       used 114776K, capacity 118249K, committed 119612K, reserved 1153024K
  class space    used 14740K, capacity 16048K, committed 16612K, reserved 1048576K
}
Event: 1898.963 GC heap after
{Heap after GC invocations=23 (full 0):
 garbage-first heap   total 260096K, used 117759K [0x0000000080000000, 0x0000000100000000)
  region size 1024K, 2 young (2048K), 2 survivors (2048K)
 Metaspace       used 114776K, capacity 118249K, committed 119612K, reserved 1153024K
  class space    used 14740K, capacity 16048K, committed 16612K, reserved 1048576K
}
Event: 2880.846 GC heap before
{Heap before GC invocations=24 (full 0):
 garbage-first heap   total 260096K, used 208895K [0x0000000080000000, 0x0000000100000000)
  region size 1024K, 86 young (88064K), 2 survivors (2048K)
 Metaspace       used 115185K, capacity 118658K, committed 119868K, reserved 1153024K
  class space    used 14743K, capacity 16053K, committed 16612K, reserved 1048576K
}
Event: 2880.858 GC heap after
{Heap after GC invocations=25 (full 0):
 garbage-first heap   total 260096K, used 119718K [0x0000000080000000, 0x0000000100000000)
  region size 1024K, 11 young (11264K), 11 survivors (11264K)
 Metaspace       used 115185K, capacity 118658K, committed 119868K, reserved 1153024K
  class space    used 14743K, capacity 16053K, committed 16612K, reserved 1048576K
}
Event: 2880.887 GC heap before
{Heap before GC invocations=25 (full 0):
 garbage-first heap   total 260096K, used 120742K [0x0000000080000000, 0x0000000100000000)
  region size 1024K, 12 young (12288K), 11 survivors (11264K)
 Metaspace       used 115187K, capacity 118658K, committed 119868K, reserved 1153024K
  class space    used 14743K, capacity 16053K, committed 16612K, reserved 1048576K
}
Event: 2880.901 GC heap after
{Heap after GC invocations=26 (full 0):
 garbage-first heap   total 260096K, used 111006K [0x0000000080000000, 0x0000000100000000)
  region size 1024K, 1 young (1024K), 1 survivors (1024K)
 Metaspace       used 115187K, capacity 118658K, committed 119868K, reserved 1153024K
  class space    used 14743K, capacity 16053K, committed 16612K, reserved 1048576K
}
Event: 2881.687 GC heap before
{Heap before GC invocations=26 (full 0):
 garbage-first heap   total 260096K, used 201118K [0x0000000080000000, 0x0000000100000000)
  region size 1024K, 87 young (89088K), 1 survivors (1024K)
 Metaspace       used 115828K, capacity 119250K, committed 120380K, reserved 1153024K
  class space    used 14766K, capacity 16092K, committed 16612K, reserved 1048576K
}
Event: 2881.694 GC heap after
{Heap after GC invocations=27 (full 0):
 garbage-first heap   total 260096K, used 115105K [0x0000000080000000, 0x0000000100000000)
  region size 1024K, 5 young (5120K), 5 survivors (5120K)
 Metaspace       used 115828K, capacity 119250K, committed 120380K, reserved 1153024K
  class space    used 14766K, capacity 16092K, committed 16612K, reserved 1048576K
}
Event: 2881.855 GC heap before
{Heap before GC invocations=27 (full 0):
 garbage-first heap   total 260096K, used 130465K [0x0000000080000000, 0x0000000100000000)
  region size 1024K, 16 young (16384K), 5 survivors (5120K)
 Metaspace       used 115907K, capacity 119341K, committed 120636K, reserved 1153024K
  class space    used 14770K, capacity 16099K, committed 16612K, reserved 1048576K
}
Event: 2881.860 GC heap after
{Heap after GC invocations=28 (full 0):
 garbage-first heap   total 260096K, used 121850K [0x0000000080000000, 0x0000000100000000)
  region size 1024K, 6 young (6144K), 6 survivors (6144K)
 Metaspace       used 115907K, capacity 119341K, committed 120636K, reserved 1153024K
  class space    used 14770K, capacity 16099K, committed 16612K, reserved 1048576K
}

